<?xml version="1.0" encoding="UTF-8"?>
<testsuite name="com.onlineshop.test.HomePageTest" tests="1" skipped="0" failures="0" errors="0" timestamp="2025-09-25T18:26:14" hostname="DENISULTANOV" time="0.033">
  <properties/>
  <testcase name="homeComponentPresentTest" classname="com.onlineshop.test.HomePageTest" time="0.033"/>
  <system-out><![CDATA[Home Componenttrue
]]></system-out>
  <system-err><![CDATA[]]></system-err>
</testsuite>
